\BOOKMARK [0][-]{chapter.1}{\376\377\0001\000\040\000N\000a\000m\000e\000s\000p\000a\000c\000e\000\040\000I\000n\000d\000e\000x}{}% 1
\BOOKMARK [1][-]{section.1.1}{\376\377\0001\000.\0001\000\040\000N\000a\000m\000e\000s\000p\000a\000c\000e\000\040\000L\000i\000s\000t}{chapter.1}% 2
\BOOKMARK [0][-]{chapter.2}{\376\377\0002\000\040\000H\000i\000e\000r\000a\000r\000c\000h\000i\000c\000a\000l\000\040\000I\000n\000d\000e\000x}{}% 3
\BOOKMARK [1][-]{section.2.1}{\376\377\0002\000.\0001\000\040\000C\000l\000a\000s\000s\000\040\000H\000i\000e\000r\000a\000r\000c\000h\000y}{chapter.2}% 4
\BOOKMARK [0][-]{chapter.3}{\376\377\0003\000\040\000C\000l\000a\000s\000s\000\040\000I\000n\000d\000e\000x}{}% 5
\BOOKMARK [1][-]{section.3.1}{\376\377\0003\000.\0001\000\040\000C\000l\000a\000s\000s\000\040\000L\000i\000s\000t}{chapter.3}% 6
\BOOKMARK [0][-]{chapter.4}{\376\377\0004\000\040\000F\000i\000l\000e\000\040\000I\000n\000d\000e\000x}{}% 7
\BOOKMARK [1][-]{section.4.1}{\376\377\0004\000.\0001\000\040\000F\000i\000l\000e\000\040\000L\000i\000s\000t}{chapter.4}% 8
\BOOKMARK [0][-]{chapter.5}{\376\377\0005\000\040\000N\000a\000m\000e\000s\000p\000a\000c\000e\000\040\000D\000o\000c\000u\000m\000e\000n\000t\000a\000t\000i\000o\000n}{}% 9
\BOOKMARK [1][-]{section.5.1}{\376\377\0005\000.\0001\000\040\000s\000i\000m\000l\000i\000b\000\040\000N\000a\000m\000e\000s\000p\000a\000c\000e\000\040\000R\000e\000f\000e\000r\000e\000n\000c\000e}{chapter.5}% 10
\BOOKMARK [1][-]{section.5.2}{\376\377\0005\000.\0002\000\040\000s\000i\000m\000l\000i\000b\000.\000a\000c\000t\000i\000o\000n\000\040\000N\000a\000m\000e\000s\000p\000a\000c\000e\000\040\000R\000e\000f\000e\000r\000e\000n\000c\000e}{chapter.5}% 11
\BOOKMARK [2][-]{subsection.5.2.1}{\376\377\0005\000.\0002\000.\0001\000\040\000D\000e\000t\000a\000i\000l\000e\000d\000\040\000D\000e\000s\000c\000r\000i\000p\000t\000i\000o\000n}{section.5.2}% 12
\BOOKMARK [2][-]{subsection.5.2.2}{\376\377\0005\000.\0002\000.\0002\000\040\000F\000u\000n\000c\000t\000i\000o\000n\000\040\000D\000o\000c\000u\000m\000e\000n\000t\000a\000t\000i\000o\000n}{section.5.2}% 13
\BOOKMARK [3][-]{subsubsection.5.2.2.1}{\376\377\0005\000.\0002\000.\0002\000.\0001\000\040\000f\000n\000\050\000\051}{subsection.5.2.2}% 14
\BOOKMARK [3][-]{subsubsection.5.2.2.2}{\376\377\0005\000.\0002\000.\0002\000.\0002\000\040\000f\000n\0002\000\050\000\051}{subsection.5.2.2}% 15
\BOOKMARK [2][-]{subsection.5.2.3}{\376\377\0005\000.\0002\000.\0003\000\040\000V\000a\000r\000i\000a\000b\000l\000e\000\040\000D\000o\000c\000u\000m\000e\000n\000t\000a\000t\000i\000o\000n}{section.5.2}% 16
\BOOKMARK [3][-]{subsubsection.5.2.3.1}{\376\377\0005\000.\0002\000.\0003\000.\0001\000\040\000e\000r\000r\000o\000r\000s}{subsection.5.2.3}% 17
\BOOKMARK [3][-]{subsubsection.5.2.3.2}{\376\377\0005\000.\0002\000.\0003\000.\0002\000\040\000t\000e\000s\000t\000\137\000o\000b\000j}{subsection.5.2.3}% 18
\BOOKMARK [1][-]{section.5.3}{\376\377\0005\000.\0003\000\040\000s\000i\000m\000l\000i\000b\000.\000a\000n\000c\000h\000o\000r\000\040\000N\000a\000m\000e\000s\000p\000a\000c\000e\000\040\000R\000e\000f\000e\000r\000e\000n\000c\000e}{chapter.5}% 19
\BOOKMARK [1][-]{section.5.4}{\376\377\0005\000.\0004\000\040\000s\000i\000m\000l\000i\000b\000.\000a\000r\000c\000h\000s\000p\000e\000c\000\040\000N\000a\000m\000e\000s\000p\000a\000c\000e\000\040\000R\000e\000f\000e\000r\000e\000n\000c\000e}{chapter.5}% 20
\BOOKMARK [2][-]{subsection.5.4.1}{\376\377\0005\000.\0004\000.\0001\000\040\000D\000e\000t\000a\000i\000l\000e\000d\000\040\000D\000e\000s\000c\000r\000i\000p\000t\000i\000o\000n}{section.5.4}% 21
\BOOKMARK [2][-]{subsection.5.4.2}{\376\377\0005\000.\0004\000.\0002\000\040\000V\000a\000r\000i\000a\000b\000l\000e\000\040\000D\000o\000c\000u\000m\000e\000n\000t\000a\000t\000i\000o\000n}{section.5.4}% 22
\BOOKMARK [3][-]{subsubsection.5.4.2.1}{\376\377\0005\000.\0004\000.\0002\000.\0001\000\040\000a\000r\000c\000h\000s\000p\000e\000c\000\137\000o\000b\000j}{subsection.5.4.2}% 23
\BOOKMARK [3][-]{subsubsection.5.4.2.2}{\376\377\0005\000.\0004\000.\0002\000.\0002\000\040\000e\000r\000r\000o\000r\000s}{subsection.5.4.2}% 24
\BOOKMARK [1][-]{section.5.5}{\376\377\0005\000.\0005\000\040\000s\000i\000m\000l\000i\000b\000.\000F\000S\000M\000\040\000N\000a\000m\000e\000s\000p\000a\000c\000e\000\040\000R\000e\000f\000e\000r\000e\000n\000c\000e}{chapter.5}% 25
\BOOKMARK [2][-]{subsection.5.5.1}{\376\377\0005\000.\0005\000.\0001\000\040\000F\000u\000n\000c\000t\000i\000o\000n\000\040\000D\000o\000c\000u\000m\000e\000n\000t\000a\000t\000i\000o\000n}{section.5.5}% 26
\BOOKMARK [3][-]{subsubsection.5.5.1.1}{\376\377\0005\000.\0005\000.\0001\000.\0001\000\040\000g\000e\000t\000B\000a\000t\000t\000e\000r\000y\000\050\000\051}{subsection.5.5.1}% 27
\BOOKMARK [3][-]{subsubsection.5.5.1.2}{\376\377\0005\000.\0005\000.\0001\000.\0002\000\040\000g\000e\000t\000D\000e\000e\000p\000S\000l\000e\000e\000p\000C\000u\000r\000r\000e\000n\000t\000\050\000\051}{subsection.5.5.1}% 28
\BOOKMARK [3][-]{subsubsection.5.5.1.3}{\376\377\0005\000.\0005\000.\0001\000.\0003\000\040\000g\000e\000t\000I\000d\000l\000e\000C\000u\000r\000r\000e\000n\000t\000\050\000\051}{subsection.5.5.1}% 29
\BOOKMARK [3][-]{subsubsection.5.5.1.4}{\376\377\0005\000.\0005\000.\0001\000.\0004\000\040\000g\000e\000t\000I\000n\000i\000t\000C\000u\000r\000r\000e\000n\000t\000\050\000\051}{subsection.5.5.1}% 30
\BOOKMARK [3][-]{subsubsection.5.5.1.5}{\376\377\0005\000.\0005\000.\0001\000.\0005\000\040\000g\000e\000t\000O\000f\000f\000C\000u\000r\000r\000e\000n\000t\000\050\000\051}{subsection.5.5.1}% 31
\BOOKMARK [3][-]{subsubsection.5.5.1.6}{\376\377\0005\000.\0005\000.\0001\000.\0006\000\040\000g\000e\000t\000R\000X\000C\000u\000r\000r\000e\000n\000t\000\050\000\051}{subsection.5.5.1}% 32
\BOOKMARK [3][-]{subsubsection.5.5.1.7}{\376\377\0005\000.\0005\000.\0001\000.\0007\000\040\000g\000e\000t\000S\000l\000e\000e\000p\000C\000u\000r\000r\000e\000n\000t\000\050\000\051}{subsection.5.5.1}% 33
\BOOKMARK [3][-]{subsubsection.5.5.1.8}{\376\377\0005\000.\0005\000.\0001\000.\0008\000\040\000g\000e\000t\000T\000i\000m\000e\000\050\000\051}{subsection.5.5.1}% 34
\BOOKMARK [3][-]{subsubsection.5.5.1.9}{\376\377\0005\000.\0005\000.\0001\000.\0009\000\040\000g\000e\000t\000T\000X\000C\000u\000r\000r\000e\000n\000t\000\050\000\051}{subsection.5.5.1}% 35
\BOOKMARK [2][-]{subsection.5.5.2}{\376\377\0005\000.\0005\000.\0002\000\040\000V\000a\000r\000i\000a\000b\000l\000e\000\040\000D\000o\000c\000u\000m\000e\000n\000t\000a\000t\000i\000o\000n}{section.5.5}% 36
\BOOKMARK [3][-]{subsubsection.5.5.2.1}{\376\377\0005\000.\0005\000.\0002\000.\0001\000\040\000A\000V\000A\000I\000L\000A\000B\000L\000E\000\137\000S\000T\000A\000T\000E\000S}{subsection.5.5.2}% 37
\BOOKMARK [3][-]{subsubsection.5.5.2.2}{\376\377\0005\000.\0005\000.\0002\000.\0002\000\040\000b\000a\000t\000t\000l\000i\000f\000e}{subsection.5.5.2}% 38
\BOOKMARK [3][-]{subsubsection.5.5.2.3}{\376\377\0005\000.\0005\000.\0002\000.\0003\000\040\000D\000E\000B\000U\000G}{subsection.5.5.2}% 39
\BOOKMARK [3][-]{subsubsection.5.5.2.4}{\376\377\0005\000.\0005\000.\0002\000.\0004\000\040\000D\000E\000E\000P\000S\000L\000E\000E\000P\000\137\000S\000T\000A\000T\000E}{subsection.5.5.2}% 40
\BOOKMARK [3][-]{subsubsection.5.5.2.5}{\376\377\0005\000.\0005\000.\0002\000.\0005\000\040\000d\000e\000v\000i\000c\000e}{subsection.5.5.2}% 41
\BOOKMARK [3][-]{subsubsection.5.5.2.6}{\376\377\0005\000.\0005\000.\0002\000.\0006\000\040\000D\000E\000V\000I\000C\000E\000\137\000D\000A\000T\000A}{subsection.5.5.2}% 42
\BOOKMARK [3][-]{subsubsection.5.5.2.7}{\376\377\0005\000.\0005\000.\0002\000.\0007\000\040\000e\000r\000r\000o\000r\000s}{subsection.5.5.2}% 43
\BOOKMARK [3][-]{subsubsection.5.5.2.8}{\376\377\0005\000.\0005\000.\0002\000.\0008\000\040\000I\000D\000L\000E\000\137\000S\000T\000A\000T\000E}{subsection.5.5.2}% 44
\BOOKMARK [3][-]{subsubsection.5.5.2.9}{\376\377\0005\000.\0005\000.\0002\000.\0009\000\040\000I\000N\000I\000T\000\137\000S\000T\000A\000T\000E}{subsection.5.5.2}% 45
\BOOKMARK [3][-]{subsubsection.5.5.2.10}{\376\377\0005\000.\0005\000.\0002\000.\0001\0000\000\040\000I\000N\000I\000T\000I\000A\000L\000\137\000S\000T\000A\000T\000E}{subsection.5.5.2}% 46
\BOOKMARK [3][-]{subsubsection.5.5.2.11}{\376\377\0005\000.\0005\000.\0002\000.\0001\0001\000\040\000m\000y\000\137\000c\000u\000r\000r\000e\000n\000t}{subsection.5.5.2}% 47
\BOOKMARK [3][-]{subsubsection.5.5.2.12}{\376\377\0005\000.\0005\000.\0002\000.\0001\0002\000\040\000O\000F\000F\000\137\000S\000T\000A\000T\000E}{subsection.5.5.2}% 48
\BOOKMARK [3][-]{subsubsection.5.5.2.13}{\376\377\0005\000.\0005\000.\0002\000.\0001\0003\000\040\000O\000S\000C\000\137\000S\000T\000A\000R\000T\000U\000P\000\137\000S\000E\000N\000D\000\137\000C\000U\000R\000R\000E\000N\000T}{subsection.5.5.2}% 49
\BOOKMARK [3][-]{subsubsection.5.5.2.14}{\376\377\0005\000.\0005\000.\0002\000.\0001\0004\000\040\000O\000S\000C\000\137\000S\000T\000A\000R\000T\000U\000P\000\137\000S\000E\000N\000D\000\137\000T\000I\000M\000E}{subsection.5.5.2}% 50
\BOOKMARK [3][-]{subsubsection.5.5.2.15}{\376\377\0005\000.\0005\000.\0002\000.\0001\0005\000\040\000P\000L\000L\000\137\000S\000T\000A\000R\000T\000U\000P\000\137\000S\000E\000N\000D\000\137\000C\000U\000R\000R\000E\000N\000T}{subsection.5.5.2}% 51
\BOOKMARK [3][-]{subsubsection.5.5.2.16}{\376\377\0005\000.\0005\000.\0002\000.\0001\0006\000\040\000P\000L\000L\000\137\000S\000T\000A\000R\000T\000U\000P\000\137\000S\000E\000N\000D\000\137\000T\000I\000M\000E}{subsection.5.5.2}% 52
\BOOKMARK [3][-]{subsubsection.5.5.2.17}{\376\377\0005\000.\0005\000.\0002\000.\0001\0007\000\040\000R\000X\000\137\000S\000T\000A\000T\000E}{subsection.5.5.2}% 53
\BOOKMARK [3][-]{subsubsection.5.5.2.18}{\376\377\0005\000.\0005\000.\0002\000.\0001\0008\000\040\000s\000i\000m\000l\000i\000s\000t}{subsection.5.5.2}% 54
\BOOKMARK [3][-]{subsubsection.5.5.2.19}{\376\377\0005\000.\0005\000.\0002\000.\0001\0009\000\040\000S\000L\000E\000E\000P\000\137\000S\000T\000A\000T\000E}{subsection.5.5.2}% 55
\BOOKMARK [3][-]{subsubsection.5.5.2.20}{\376\377\0005\000.\0005\000.\0002\000.\0002\0000\000\040\000T\000X\000\137\000P\000H\000R\000\137\000S\000E\000N\000D\000\137\000C\000U\000R\000R\000E\000N\000T}{subsection.5.5.2}% 56
\BOOKMARK [3][-]{subsubsection.5.5.2.21}{\376\377\0005\000.\0005\000.\0002\000.\0002\0001\000\040\000T\000X\000\137\000P\000H\000R\000\137\000S\000E\000N\000D\000\137\000T\000I\000M\000E}{subsection.5.5.2}% 57
\BOOKMARK [3][-]{subsubsection.5.5.2.22}{\376\377\0005\000.\0005\000.\0002\000.\0002\0002\000\040\000T\000X\000\137\000S\000H\000R\000\137\000S\000E\000N\000D\000\137\000C\000U\000R\000R\000E\000N\000T}{subsection.5.5.2}% 58
\BOOKMARK [3][-]{subsubsection.5.5.2.23}{\376\377\0005\000.\0005\000.\0002\000.\0002\0003\000\040\000T\000X\000\137\000S\000H\000R\000\137\000S\000E\000N\000D\000\137\000T\000I\000M\000E}{subsection.5.5.2}% 59
\BOOKMARK [3][-]{subsubsection.5.5.2.24}{\376\377\0005\000.\0005\000.\0002\000.\0002\0004\000\040\000T\000X\000\137\000S\000T\000A\000T\000E}{subsection.5.5.2}% 60
\BOOKMARK [3][-]{subsubsection.5.5.2.25}{\376\377\0005\000.\0005\000.\0002\000.\0002\0005\000\040\000W\000R\000\137\000T\000X\000\137\000D\000A\000T\000A\000\137\000S\000E\000N\000D\000\137\000C\000U\000R\000R\000E\000N\000T}{subsection.5.5.2}% 61
\BOOKMARK [3][-]{subsubsection.5.5.2.26}{\376\377\0005\000.\0005\000.\0002\000.\0002\0006\000\040\000W\000R\000\137\000T\000X\000\137\000D\000A\000T\000A\000\137\000S\000E\000N\000D\000\137\000T\000I\000M\000E}{subsection.5.5.2}% 62
\BOOKMARK [1][-]{section.5.6}{\376\377\0005\000.\0006\000\040\000s\000i\000m\000l\000i\000b\000.\000h\000u\000b\000\040\000N\000a\000m\000e\000s\000p\000a\000c\000e\000\040\000R\000e\000f\000e\000r\000e\000n\000c\000e}{chapter.5}% 63
\BOOKMARK [2][-]{subsection.5.6.1}{\376\377\0005\000.\0006\000.\0001\000\040\000V\000a\000r\000i\000a\000b\000l\000e\000\040\000D\000o\000c\000u\000m\000e\000n\000t\000a\000t\000i\000o\000n}{section.5.6}% 64
\BOOKMARK [3][-]{subsubsection.5.6.1.1}{\376\377\0005\000.\0006\000.\0001\000.\0001\000\040\000h\000u\000b}{subsection.5.6.1}% 65
\BOOKMARK [1][-]{section.5.7}{\376\377\0005\000.\0007\000\040\000s\000i\000m\000l\000i\000b\000.\000n\000o\000d\000e\000\040\000N\000a\000m\000e\000s\000p\000a\000c\000e\000\040\000R\000e\000f\000e\000r\000e\000n\000c\000e}{chapter.5}% 66
\BOOKMARK [1][-]{section.5.8}{\376\377\0005\000.\0008\000\040\000s\000i\000m\000l\000i\000b\000.\000s\000i\000m\000u\000l\000a\000t\000e\000d\000\040\000N\000a\000m\000e\000s\000p\000a\000c\000e\000\040\000R\000e\000f\000e\000r\000e\000n\000c\000e}{chapter.5}% 67
\BOOKMARK [2][-]{subsection.5.8.1}{\376\377\0005\000.\0008\000.\0001\000\040\000V\000a\000r\000i\000a\000b\000l\000e\000\040\000D\000o\000c\000u\000m\000e\000n\000t\000a\000t\000i\000o\000n}{section.5.8}% 68
\BOOKMARK [3][-]{subsubsection.5.8.1.1}{\376\377\0005\000.\0008\000.\0001\000.\0001\000\040\000a\000c\000t\000i\000o\000n\0001}{subsection.5.8.1}% 69
\BOOKMARK [3][-]{subsubsection.5.8.1.2}{\376\377\0005\000.\0008\000.\0001\000.\0002\000\040\000a\000c\000t\000i\000o\000n\0002}{subsection.5.8.1}% 70
\BOOKMARK [3][-]{subsubsection.5.8.1.3}{\376\377\0005\000.\0008\000.\0001\000.\0003\000\040\000a\000c\000t\000i\000o\000n\0003}{subsection.5.8.1}% 71
\BOOKMARK [3][-]{subsubsection.5.8.1.4}{\376\377\0005\000.\0008\000.\0001\000.\0004\000\040\000a\000q}{subsection.5.8.1}% 72
\BOOKMARK [3][-]{subsubsection.5.8.1.5}{\376\377\0005\000.\0008\000.\0001\000.\0005\000\040\000D\000E\000B\000U\000G}{subsection.5.8.1}% 73
\BOOKMARK [3][-]{subsubsection.5.8.1.6}{\376\377\0005\000.\0008\000.\0001\000.\0006\000\040\000e\000r\000r\000o\000r\000s}{subsection.5.8.1}% 74
\BOOKMARK [3][-]{subsubsection.5.8.1.7}{\376\377\0005\000.\0008\000.\0001\000.\0007\000\040\000i}{subsection.5.8.1}% 75
\BOOKMARK [1][-]{section.5.9}{\376\377\0005\000.\0009\000\040\000s\000i\000m\000l\000i\000b\000.\000s\000i\000m\000u\000l\000a\000t\000i\000o\000n\000e\000n\000v\000i\000r\000o\000n\000m\000e\000n\000t\000\040\000N\000a\000m\000e\000s\000p\000a\000c\000e\000\040\000R\000e\000f\000e\000r\000e\000n\000c\000e}{chapter.5}% 76
\BOOKMARK [2][-]{subsection.5.9.1}{\376\377\0005\000.\0009\000.\0001\000\040\000F\000u\000n\000c\000t\000i\000o\000n\000\040\000D\000o\000c\000u\000m\000e\000n\000t\000a\000t\000i\000o\000n}{section.5.9}% 77
\BOOKMARK [3][-]{subsubsection.5.9.1.1}{\376\377\0005\000.\0009\000.\0001\000.\0001\000\040\000s\000u\000p\000e\000r\000S\000m\000a\000r\000t\000T\000r\000i\000l\000a\000t\000e\000r\000a\000t\000i\000o\000n\000A\000l\000g\000o\000r\000i\000t\000h\000m\000\050\000\051}{subsection.5.9.1}% 78
\BOOKMARK [2][-]{subsection.5.9.2}{\376\377\0005\000.\0009\000.\0002\000\040\000V\000a\000r\000i\000a\000b\000l\000e\000\040\000D\000o\000c\000u\000m\000e\000n\000t\000a\000t\000i\000o\000n}{section.5.9}% 79
\BOOKMARK [3][-]{subsubsection.5.9.2.1}{\376\377\0005\000.\0009\000.\0002\000.\0001\000\040\000a\000n\000c\000h\000o\000r}{subsection.5.9.2}% 80
\BOOKMARK [3][-]{subsubsection.5.9.2.2}{\376\377\0005\000.\0009\000.\0002\000.\0002\000\040\000a\000r\000c\000h\000s\000p\000e\000c}{subsection.5.9.2}% 81
\BOOKMARK [3][-]{subsubsection.5.9.2.3}{\376\377\0005\000.\0009\000.\0002\000.\0003\000\040\000e\000r\000r\000o\000r\000s}{subsection.5.9.2}% 82
\BOOKMARK [3][-]{subsubsection.5.9.2.4}{\376\377\0005\000.\0009\000.\0002\000.\0004\000\040\000h\000u\000b}{subsection.5.9.2}% 83
\BOOKMARK [3][-]{subsubsection.5.9.2.5}{\376\377\0005\000.\0009\000.\0002\000.\0005\000\040\000n\000o\000d\000e}{subsection.5.9.2}% 84
\BOOKMARK [3][-]{subsubsection.5.9.2.6}{\376\377\0005\000.\0009\000.\0002\000.\0006\000\040\000s\000i\000m\000E\000n\000v}{subsection.5.9.2}% 85
\BOOKMARK [0][-]{chapter.6}{\376\377\0006\000\040\000C\000l\000a\000s\000s\000\040\000D\000o\000c\000u\000m\000e\000n\000t\000a\000t\000i\000o\000n}{}% 86
\BOOKMARK [1][-]{section.6.1}{\376\377\0006\000.\0001\000\040\000s\000i\000m\000l\000i\000b\000.\000a\000c\000t\000i\000o\000n\000.\000A\000c\000t\000i\000o\000n\000\040\000C\000l\000a\000s\000s\000\040\000R\000e\000f\000e\000r\000e\000n\000c\000e}{chapter.6}% 87
\BOOKMARK [2][-]{subsection.6.1.1}{\376\377\0006\000.\0001\000.\0001\000\040\000D\000e\000t\000a\000i\000l\000e\000d\000\040\000D\000e\000s\000c\000r\000i\000p\000t\000i\000o\000n}{section.6.1}% 88
\BOOKMARK [2][-]{subsection.6.1.2}{\376\377\0006\000.\0001\000.\0002\000\040\000C\000o\000n\000s\000t\000r\000u\000c\000t\000o\000r\000\040\000\046\000\040\000D\000e\000s\000t\000r\000u\000c\000t\000o\000r\000\040\000D\000o\000c\000u\000m\000e\000n\000t\000a\000t\000i\000o\000n}{section.6.1}% 89
\BOOKMARK [3][-]{subsubsection.6.1.2.1}{\376\377\0006\000.\0001\000.\0002\000.\0001\000\040\000\137\000\137\000i\000n\000i\000t\000\137\000\137\000\050\000\051}{subsection.6.1.2}% 90
\BOOKMARK [2][-]{subsection.6.1.3}{\376\377\0006\000.\0001\000.\0003\000\040\000M\000e\000m\000b\000e\000r\000\040\000F\000u\000n\000c\000t\000i\000o\000n\000\040\000D\000o\000c\000u\000m\000e\000n\000t\000a\000t\000i\000o\000n}{section.6.1}% 91
\BOOKMARK [3][-]{subsubsection.6.1.3.1}{\376\377\0006\000.\0001\000.\0003\000.\0001\000\040\000d\000e\000c\000r\000e\000m\000e\000n\000t\000\050\000\051}{subsection.6.1.3}% 92
\BOOKMARK [3][-]{subsubsection.6.1.3.2}{\376\377\0006\000.\0001\000.\0003\000.\0002\000\040\000g\000e\000t\000\137\000a\000r\000g\000s\000\050\000\051}{subsection.6.1.3}% 93
\BOOKMARK [3][-]{subsubsection.6.1.3.3}{\376\377\0006\000.\0001\000.\0003\000.\0003\000\040\000g\000e\000t\000\137\000c\000t\000r\000\050\000\051}{subsection.6.1.3}% 94
\BOOKMARK [3][-]{subsubsection.6.1.3.4}{\376\377\0006\000.\0001\000.\0003\000.\0004\000\040\000g\000e\000t\000\137\000f\000n\000\050\000\051}{subsection.6.1.3}% 95
\BOOKMARK [3][-]{subsubsection.6.1.3.5}{\376\377\0006\000.\0001\000.\0003\000.\0005\000\040\000s\000e\000t\000\137\000c\000t\000r\000\050\000\051}{subsection.6.1.3}% 96
\BOOKMARK [3][-]{subsubsection.6.1.3.6}{\376\377\0006\000.\0001\000.\0003\000.\0006\000\040\000s\000e\000t\000\137\000f\000n\000\050\000\051}{subsection.6.1.3}% 97
\BOOKMARK [1][-]{section.6.2}{\376\377\0006\000.\0002\000\040\000s\000i\000m\000l\000i\000b\000.\000s\000i\000m\000u\000l\000a\000t\000e\000d\000.\000A\000c\000t\000i\000o\000n\000Q\000u\000e\000u\000e\000\040\000C\000l\000a\000s\000s\000\040\000R\000e\000f\000e\000r\000e\000n\000c\000e}{chapter.6}% 98
\BOOKMARK [2][-]{subsection.6.2.1}{\376\377\0006\000.\0002\000.\0001\000\040\000D\000e\000t\000a\000i\000l\000e\000d\000\040\000D\000e\000s\000c\000r\000i\000p\000t\000i\000o\000n}{section.6.2}% 99
\BOOKMARK [2][-]{subsection.6.2.2}{\376\377\0006\000.\0002\000.\0002\000\040\000C\000o\000n\000s\000t\000r\000u\000c\000t\000o\000r\000\040\000\046\000\040\000D\000e\000s\000t\000r\000u\000c\000t\000o\000r\000\040\000D\000o\000c\000u\000m\000e\000n\000t\000a\000t\000i\000o\000n}{section.6.2}% 100
\BOOKMARK [3][-]{subsubsection.6.2.2.1}{\376\377\0006\000.\0002\000.\0002\000.\0001\000\040\000\137\000\137\000i\000n\000i\000t\000\137\000\137\000\050\000\051}{subsection.6.2.2}% 101
\BOOKMARK [2][-]{subsection.6.2.3}{\376\377\0006\000.\0002\000.\0003\000\040\000M\000e\000m\000b\000e\000r\000\040\000F\000u\000n\000c\000t\000i\000o\000n\000\040\000D\000o\000c\000u\000m\000e\000n\000t\000a\000t\000i\000o\000n}{section.6.2}% 102
\BOOKMARK [3][-]{subsubsection.6.2.3.1}{\376\377\0006\000.\0002\000.\0003\000.\0001\000\040\000a\000d\000d\000T\000o\000Q\000u\000e\000u\000e\000\050\000\051}{subsection.6.2.3}% 103
\BOOKMARK [3][-]{subsubsection.6.2.3.2}{\376\377\0006\000.\0002\000.\0003\000.\0002\000\040\000p\000o\000p\000A\000c\000t\000i\000o\000n\000\050\000\051}{subsection.6.2.3}% 104
\BOOKMARK [3][-]{subsubsection.6.2.3.3}{\376\377\0006\000.\0002\000.\0003\000.\0003\000\040\000t\000e\000s\000t\000\050\000\051}{subsection.6.2.3}% 105
\BOOKMARK [3][-]{subsubsection.6.2.3.4}{\376\377\0006\000.\0002\000.\0003\000.\0004\000\040\000u\000p\000d\000a\000t\000e\000\050\000\051}{subsection.6.2.3}% 106
\BOOKMARK [2][-]{subsection.6.2.4}{\376\377\0006\000.\0002\000.\0004\000\040\000M\000e\000m\000b\000e\000r\000\040\000D\000a\000t\000a\000\040\000D\000o\000c\000u\000m\000e\000n\000t\000a\000t\000i\000o\000n}{section.6.2}% 107
\BOOKMARK [3][-]{subsubsection.6.2.4.1}{\376\377\0006\000.\0002\000.\0004\000.\0001\000\040\000q\000u\000e\000u\000e}{subsection.6.2.4}% 108
\BOOKMARK [1][-]{section.6.3}{\376\377\0006\000.\0003\000\040\000s\000i\000m\000l\000i\000b\000.\000a\000n\000c\000h\000o\000r\000.\000A\000n\000c\000h\000o\000r\000\040\000C\000l\000a\000s\000s\000\040\000R\000e\000f\000e\000r\000e\000n\000c\000e}{chapter.6}% 109
\BOOKMARK [2][-]{subsection.6.3.1}{\376\377\0006\000.\0003\000.\0001\000\040\000C\000o\000n\000s\000t\000r\000u\000c\000t\000o\000r\000\040\000\046\000\040\000D\000e\000s\000t\000r\000u\000c\000t\000o\000r\000\040\000D\000o\000c\000u\000m\000e\000n\000t\000a\000t\000i\000o\000n}{section.6.3}% 110
\BOOKMARK [3][-]{subsubsection.6.3.1.1}{\376\377\0006\000.\0003\000.\0001\000.\0001\000\040\000\137\000\137\000i\000n\000i\000t\000\137\000\137\000\050\000\051}{subsection.6.3.1}% 111
\BOOKMARK [2][-]{subsection.6.3.2}{\376\377\0006\000.\0003\000.\0002\000\040\000M\000e\000m\000b\000e\000r\000\040\000F\000u\000n\000c\000t\000i\000o\000n\000\040\000D\000o\000c\000u\000m\000e\000n\000t\000a\000t\000i\000o\000n}{section.6.3}% 112
\BOOKMARK [3][-]{subsubsection.6.3.2.1}{\376\377\0006\000.\0003\000.\0002\000.\0001\000\040\000a\000d\000d\000A\000c\000t\000i\000o\000n\000\050\000\051}{subsection.6.3.2}% 113
\BOOKMARK [3][-]{subsubsection.6.3.2.2}{\376\377\0006\000.\0003\000.\0002\000.\0002\000\040\000g\000e\000t\000I\000D\000\050\000\051}{subsection.6.3.2}% 114
\BOOKMARK [3][-]{subsubsection.6.3.2.3}{\376\377\0006\000.\0003\000.\0002\000.\0003\000\040\000l\000i\000s\000t\000e\000n\000F\000o\000r\000S\000i\000g\000n\000a\000l\000\050\000\051}{subsection.6.3.2}% 115
\BOOKMARK [3][-]{subsubsection.6.3.2.4}{\376\377\0006\000.\0003\000.\0002\000.\0004\000\040\000p\000i\000n\000g\000N\000o\000d\000e\000\050\000\051}{subsection.6.3.2}% 116
\BOOKMARK [3][-]{subsubsection.6.3.2.5}{\376\377\0006\000.\0003\000.\0002\000.\0005\000\040\000p\000r\000e\000p\000e\000n\000d\000A\000c\000t\000i\000o\000n\000\050\000\051}{subsection.6.3.2}% 117
\BOOKMARK [3][-]{subsubsection.6.3.2.6}{\376\377\0006\000.\0003\000.\0002\000.\0006\000\040\000r\000e\000q\000u\000e\000s\000t\000P\000i\000n\000g\000\050\000\051}{subsection.6.3.2}% 118
\BOOKMARK [3][-]{subsubsection.6.3.2.7}{\376\377\0006\000.\0003\000.\0002\000.\0007\000\040\000s\000e\000t\000T\000i\000m\000e\000\050\000\051}{subsection.6.3.2}% 119
\BOOKMARK [3][-]{subsubsection.6.3.2.8}{\376\377\0006\000.\0003\000.\0002\000.\0008\000\040\000w\000a\000i\000t\000F\000o\000r\000R\000e\000p\000l\000y\000\050\000\051}{subsection.6.3.2}% 120
\BOOKMARK [2][-]{subsection.6.3.3}{\376\377\0006\000.\0003\000.\0003\000\040\000M\000e\000m\000b\000e\000r\000\040\000D\000a\000t\000a\000\040\000D\000o\000c\000u\000m\000e\000n\000t\000a\000t\000i\000o\000n}{section.6.3}% 121
\BOOKMARK [3][-]{subsubsection.6.3.3.1}{\376\377\0006\000.\0003\000.\0003\000.\0001\000\040\000d\000i\000s\000t\000a\000n\000c\000e}{subsection.6.3.3}% 122
\BOOKMARK [3][-]{subsubsection.6.3.3.2}{\376\377\0006\000.\0003\000.\0003\000.\0002\000\040\000I\000D}{subsection.6.3.3}% 123
\BOOKMARK [3][-]{subsubsection.6.3.3.3}{\376\377\0006\000.\0003\000.\0003\000.\0003\000\040\000m\000e\000a\000s\000u\000r\000e\000m\000e\000n\000t}{subsection.6.3.3}% 124
\BOOKMARK [3][-]{subsubsection.6.3.3.4}{\376\377\0006\000.\0003\000.\0003\000.\0004\000\040\000p\000i\000n\000g\000e\000d\000N\000o\000d\000e\000I\000D}{subsection.6.3.3}% 125
\BOOKMARK [3][-]{subsubsection.6.3.3.5}{\376\377\0006\000.\0003\000.\0003\000.\0005\000\040\000s\000i\000g\000n\000a\000l\000L\000i\000s\000t}{subsection.6.3.3}% 126
\BOOKMARK [3][-]{subsubsection.6.3.3.6}{\376\377\0006\000.\0003\000.\0003\000.\0006\000\040\000t\000i\000m\000e}{subsection.6.3.3}% 127
\BOOKMARK [3][-]{subsubsection.6.3.3.7}{\376\377\0006\000.\0003\000.\0003\000.\0007\000\040\000x\000P\000o\000s}{subsection.6.3.3}% 128
\BOOKMARK [3][-]{subsubsection.6.3.3.8}{\376\377\0006\000.\0003\000.\0003\000.\0008\000\040\000y\000P\000o\000s}{subsection.6.3.3}% 129
\BOOKMARK [3][-]{subsubsection.6.3.3.9}{\376\377\0006\000.\0003\000.\0003\000.\0009\000\040\000z\000P\000o\000s}{subsection.6.3.3}% 130
\BOOKMARK [1][-]{section.6.4}{\376\377\0006\000.\0004\000\040\000s\000i\000m\000l\000i\000b\000.\000a\000r\000c\000h\000s\000p\000e\000c\000.\000A\000r\000c\000h\000S\000p\000e\000c\000\040\000C\000l\000a\000s\000s\000\040\000R\000e\000f\000e\000r\000e\000n\000c\000e}{chapter.6}% 131
\BOOKMARK [2][-]{subsection.6.4.1}{\376\377\0006\000.\0004\000.\0001\000\040\000D\000e\000t\000a\000i\000l\000e\000d\000\040\000D\000e\000s\000c\000r\000i\000p\000t\000i\000o\000n}{section.6.4}% 132
\BOOKMARK [2][-]{subsection.6.4.2}{\376\377\0006\000.\0004\000.\0002\000\040\000C\000o\000n\000s\000t\000r\000u\000c\000t\000o\000r\000\040\000\046\000\040\000D\000e\000s\000t\000r\000u\000c\000t\000o\000r\000\040\000D\000o\000c\000u\000m\000e\000n\000t\000a\000t\000i\000o\000n}{section.6.4}% 133
\BOOKMARK [3][-]{subsubsection.6.4.2.1}{\376\377\0006\000.\0004\000.\0002\000.\0001\000\040\000\137\000\137\000i\000n\000i\000t\000\137\000\137\000\050\000\051}{subsection.6.4.2}% 134
\BOOKMARK [2][-]{subsection.6.4.3}{\376\377\0006\000.\0004\000.\0003\000\040\000M\000e\000m\000b\000e\000r\000\040\000F\000u\000n\000c\000t\000i\000o\000n\000\040\000D\000o\000c\000u\000m\000e\000n\000t\000a\000t\000i\000o\000n}{section.6.4}% 135
\BOOKMARK [3][-]{subsubsection.6.4.3.1}{\376\377\0006\000.\0004\000.\0003\000.\0001\000\040\000g\000e\000t\000\137\000a\000n\000c\000h\000o\000r\000c\000l\000a\000s\000s\000\050\000\051}{subsection.6.4.3}% 136
\BOOKMARK [3][-]{subsubsection.6.4.3.2}{\376\377\0006\000.\0004\000.\0003\000.\0002\000\040\000g\000e\000t\000\137\000h\000u\000b\000c\000l\000a\000s\000s\000\050\000\051}{subsection.6.4.3}% 137
\BOOKMARK [3][-]{subsubsection.6.4.3.3}{\376\377\0006\000.\0004\000.\0003\000.\0003\000\040\000g\000e\000t\000\137\000n\000o\000d\000e\000c\000l\000a\000s\000s\000\050\000\051}{subsection.6.4.3}% 138
\BOOKMARK [3][-]{subsubsection.6.4.3.4}{\376\377\0006\000.\0004\000.\0003\000.\0004\000\040\000s\000e\000t\000\137\000a\000n\000c\000h\000o\000r\000c\000l\000a\000s\000s\000\050\000\051}{subsection.6.4.3}% 139
\BOOKMARK [3][-]{subsubsection.6.4.3.5}{\376\377\0006\000.\0004\000.\0003\000.\0005\000\040\000s\000e\000t\000\137\000h\000u\000b\000c\000l\000a\000s\000s\000\050\000\051}{subsection.6.4.3}% 140
\BOOKMARK [3][-]{subsubsection.6.4.3.6}{\376\377\0006\000.\0004\000.\0003\000.\0006\000\040\000s\000e\000t\000\137\000n\000o\000d\000e\000c\000l\000a\000s\000s\000\050\000\051}{subsection.6.4.3}% 141
\BOOKMARK [1][-]{section.6.5}{\376\377\0006\000.\0005\000\040\000s\000i\000m\000l\000i\000b\000.\000F\000S\000M\000.\000D\000e\000v\000i\000c\000e\000\040\000C\000l\000a\000s\000s\000\040\000R\000e\000f\000e\000r\000e\000n\000c\000e}{chapter.6}% 142
\BOOKMARK [2][-]{subsection.6.5.1}{\376\377\0006\000.\0005\000.\0001\000\040\000D\000e\000t\000a\000i\000l\000e\000d\000\040\000D\000e\000s\000c\000r\000i\000p\000t\000i\000o\000n}{section.6.5}% 143
\BOOKMARK [2][-]{subsection.6.5.2}{\376\377\0006\000.\0005\000.\0002\000\040\000C\000o\000n\000s\000t\000r\000u\000c\000t\000o\000r\000\040\000\046\000\040\000D\000e\000s\000t\000r\000u\000c\000t\000o\000r\000\040\000D\000o\000c\000u\000m\000e\000n\000t\000a\000t\000i\000o\000n}{section.6.5}% 144
\BOOKMARK [3][-]{subsubsection.6.5.2.1}{\376\377\0006\000.\0005\000.\0002\000.\0001\000\040\000\137\000\137\000i\000n\000i\000t\000\137\000\137\000\050\000\051}{subsection.6.5.2}% 145
\BOOKMARK [2][-]{subsection.6.5.3}{\376\377\0006\000.\0005\000.\0003\000\040\000M\000e\000m\000b\000e\000r\000\040\000F\000u\000n\000c\000t\000i\000o\000n\000\040\000D\000o\000c\000u\000m\000e\000n\000t\000a\000t\000i\000o\000n}{section.6.5}% 146
\BOOKMARK [3][-]{subsubsection.6.5.3.1}{\376\377\0006\000.\0005\000.\0003\000.\0001\000\040\000g\000e\000t\000P\000a\000r\000a\000m\000\050\000\051}{subsection.6.5.3}% 147
\BOOKMARK [3][-]{subsubsection.6.5.3.2}{\376\377\0006\000.\0005\000.\0003\000.\0002\000\040\000g\000e\000t\000S\000t\000a\000t\000e\000\050\000\051}{subsection.6.5.3}% 148
\BOOKMARK [3][-]{subsubsection.6.5.3.3}{\376\377\0006\000.\0005\000.\0003\000.\0003\000\040\000s\000e\000t\000N\000e\000x\000t\000S\000t\000a\000t\000e\000\050\000\051}{subsection.6.5.3}% 149
\BOOKMARK [2][-]{subsection.6.5.4}{\376\377\0006\000.\0005\000.\0004\000\040\000M\000e\000m\000b\000e\000r\000\040\000D\000a\000t\000a\000\040\000D\000o\000c\000u\000m\000e\000n\000t\000a\000t\000i\000o\000n}{section.6.5}% 150
\BOOKMARK [3][-]{subsubsection.6.5.4.1}{\376\377\0006\000.\0005\000.\0004\000.\0001\000\040\000a\000v\000a\000i\000l\000a\000b\000l\000e\000\137\000s\000t\000a\000t\000e\000s}{subsection.6.5.4}% 151
\BOOKMARK [3][-]{subsubsection.6.5.4.2}{\376\377\0006\000.\0005\000.\0004\000.\0002\000\040\000d\000e\000v\000\137\000s\000t\000a\000t\000e}{subsection.6.5.4}% 152
\BOOKMARK [3][-]{subsubsection.6.5.4.3}{\376\377\0006\000.\0005\000.\0004\000.\0003\000\040\000i\000n\000i\000t\000i\000a\000l\000\137\000s\000t\000a\000t\000e}{subsection.6.5.4}% 153
\BOOKMARK [3][-]{subsubsection.6.5.4.4}{\376\377\0006\000.\0005\000.\0004\000.\0004\000\040\000n\000e\000x\000t\000\137\000s\000t\000a\000t\000e\000s}{subsection.6.5.4}% 154
\BOOKMARK [3][-]{subsubsection.6.5.4.5}{\376\377\0006\000.\0005\000.\0004\000.\0005\000\040\000p\000h\000y\000s\000i\000c\000a\000l\000\137\000d\000a\000t\000a}{subsection.6.5.4}% 155
\BOOKMARK [1][-]{section.6.6}{\376\377\0006\000.\0006\000\040\000s\000i\000m\000l\000i\000b\000.\000F\000S\000M\000.\000D\000W\0001\0000\0000\0000\000\040\000C\000l\000a\000s\000s\000\040\000R\000e\000f\000e\000r\000e\000n\000c\000e}{chapter.6}% 156
\BOOKMARK [2][-]{subsection.6.6.1}{\376\377\0006\000.\0006\000.\0001\000\040\000C\000o\000n\000s\000t\000r\000u\000c\000t\000o\000r\000\040\000\046\000\040\000D\000e\000s\000t\000r\000u\000c\000t\000o\000r\000\040\000D\000o\000c\000u\000m\000e\000n\000t\000a\000t\000i\000o\000n}{section.6.6}% 157
\BOOKMARK [3][-]{subsubsection.6.6.1.1}{\376\377\0006\000.\0006\000.\0001\000.\0001\000\040\000\137\000\137\000i\000n\000i\000t\000\137\000\137\000\050\000\051}{subsection.6.6.1}% 158
\BOOKMARK [2][-]{subsection.6.6.2}{\376\377\0006\000.\0006\000.\0002\000\040\000M\000e\000m\000b\000e\000r\000\040\000F\000u\000n\000c\000t\000i\000o\000n\000\040\000D\000o\000c\000u\000m\000e\000n\000t\000a\000t\000i\000o\000n}{section.6.6}% 159
\BOOKMARK [3][-]{subsubsection.6.6.2.1}{\376\377\0006\000.\0006\000.\0002\000.\0001\000\040\000m\000a\000i\000n\000l\000o\000o\000p\000\050\000\051}{subsection.6.6.2}% 160
\BOOKMARK [1][-]{section.6.7}{\376\377\0006\000.\0007\000\040\000s\000i\000m\000l\000i\000b\000.\000h\000u\000b\000.\000H\000u\000b\000\040\000C\000l\000a\000s\000s\000\040\000R\000e\000f\000e\000r\000e\000n\000c\000e}{chapter.6}% 161
\BOOKMARK [2][-]{subsection.6.7.1}{\376\377\0006\000.\0007\000.\0001\000\040\000C\000o\000n\000s\000t\000r\000u\000c\000t\000o\000r\000\040\000\046\000\040\000D\000e\000s\000t\000r\000u\000c\000t\000o\000r\000\040\000D\000o\000c\000u\000m\000e\000n\000t\000a\000t\000i\000o\000n}{section.6.7}% 162
\BOOKMARK [3][-]{subsubsection.6.7.1.1}{\376\377\0006\000.\0007\000.\0001\000.\0001\000\040\000\137\000\137\000i\000n\000i\000t\000\137\000\137\000\050\000\051}{subsection.6.7.1}% 163
\BOOKMARK [2][-]{subsection.6.7.2}{\376\377\0006\000.\0007\000.\0002\000\040\000M\000e\000m\000b\000e\000r\000\040\000F\000u\000n\000c\000t\000i\000o\000n\000\040\000D\000o\000c\000u\000m\000e\000n\000t\000a\000t\000i\000o\000n}{section.6.7}% 164
\BOOKMARK [3][-]{subsubsection.6.7.2.1}{\376\377\0006\000.\0007\000.\0002\000.\0001\000\040\000a\000d\000d\000A\000c\000t\000i\000o\000n\000\050\000\051}{subsection.6.7.2}% 165
\BOOKMARK [3][-]{subsubsection.6.7.2.2}{\376\377\0006\000.\0007\000.\0002\000.\0002\000\040\000a\000d\000d\000A\000n\000c\000h\000o\000r\000\050\000\051}{subsection.6.7.2}% 166
\BOOKMARK [3][-]{subsubsection.6.7.2.3}{\376\377\0006\000.\0007\000.\0002\000.\0003\000\040\000a\000d\000d\000N\000o\000d\000e\000\050\000\051}{subsection.6.7.2}% 167
\BOOKMARK [3][-]{subsubsection.6.7.2.4}{\376\377\0006\000.\0007\000.\0002\000.\0004\000\040\000c\000o\000n\000t\000a\000i\000n\000s\000A\000n\000c\000h\000o\000r\000\050\000\051}{subsection.6.7.2}% 168
\BOOKMARK [3][-]{subsubsection.6.7.2.5}{\376\377\0006\000.\0007\000.\0002\000.\0005\000\040\000c\000o\000n\000t\000a\000i\000n\000s\000N\000o\000d\000e\000\050\000\051}{subsection.6.7.2}% 169
\BOOKMARK [3][-]{subsubsection.6.7.2.6}{\376\377\0006\000.\0007\000.\0002\000.\0006\000\040\000g\000e\000n\000e\000r\000a\000t\000e\000C\000o\000m\000p\000l\000e\000t\000e\000M\000a\000p\000\050\000\051}{subsection.6.7.2}% 170
\BOOKMARK [3][-]{subsubsection.6.7.2.7}{\376\377\0006\000.\0007\000.\0002\000.\0007\000\040\000g\000e\000t\000N\000o\000d\000e\000P\000o\000s\000i\000t\000i\000o\000n\000\050\000\051}{subsection.6.7.2}% 171
\BOOKMARK [3][-]{subsubsection.6.7.2.8}{\376\377\0006\000.\0007\000.\0002\000.\0008\000\040\000m\000a\000i\000n\000l\000o\000o\000p\000\050\000\051}{subsection.6.7.2}% 172
\BOOKMARK [3][-]{subsubsection.6.7.2.9}{\376\377\0006\000.\0007\000.\0002\000.\0009\000\040\000m\000a\000p\000A\000n\000c\000h\000o\000r\000A\000n\000d\000N\000o\000d\000e\000\050\000\051}{subsection.6.7.2}% 173
\BOOKMARK [3][-]{subsubsection.6.7.2.10}{\376\377\0006\000.\0007\000.\0002\000.\0001\0000\000\040\000m\000a\000p\000D\000i\000s\000t\000a\000n\000c\000e\000\050\000\051}{subsection.6.7.2}% 174
\BOOKMARK [3][-]{subsubsection.6.7.2.11}{\376\377\0006\000.\0007\000.\0002\000.\0001\0001\000\040\000p\000r\000e\000p\000e\000n\000d\000A\000c\000t\000i\000o\000n\000\050\000\051}{subsection.6.7.2}% 175
\BOOKMARK [3][-]{subsubsection.6.7.2.12}{\376\377\0006\000.\0007\000.\0002\000.\0001\0002\000\040\000r\000e\000m\000o\000v\000e\000A\000n\000c\000h\000o\000r\000\050\000\051}{subsection.6.7.2}% 176
\BOOKMARK [3][-]{subsubsection.6.7.2.13}{\376\377\0006\000.\0007\000.\0002\000.\0001\0003\000\040\000r\000e\000m\000o\000v\000e\000N\000o\000d\000e\000\050\000\051}{subsection.6.7.2}% 177
\BOOKMARK [3][-]{subsubsection.6.7.2.14}{\376\377\0006\000.\0007\000.\0002\000.\0001\0004\000\040\000r\000e\000s\000e\000t\000M\000a\000p\000\050\000\051}{subsection.6.7.2}% 178
\BOOKMARK [3][-]{subsubsection.6.7.2.15}{\376\377\0006\000.\0007\000.\0002\000.\0001\0005\000\040\000s\000e\000t\000T\000i\000m\000e\000\050\000\051}{subsection.6.7.2}% 179
\BOOKMARK [3][-]{subsubsection.6.7.2.16}{\376\377\0006\000.\0007\000.\0002\000.\0001\0006\000\040\000t\000r\000i\000l\000i\000t\000e\000r\000a\000t\000e\000N\000o\000d\000e\000\050\000\051}{subsection.6.7.2}% 180
\BOOKMARK [2][-]{subsection.6.7.3}{\376\377\0006\000.\0007\000.\0003\000\040\000M\000e\000m\000b\000e\000r\000\040\000D\000a\000t\000a\000\040\000D\000o\000c\000u\000m\000e\000n\000t\000a\000t\000i\000o\000n}{section.6.7}% 181
\BOOKMARK [3][-]{subsubsection.6.7.3.1}{\376\377\0006\000.\0007\000.\0003\000.\0001\000\040\000a\000l\000g\000o\000r\000i\000t\000h\000m}{subsection.6.7.3}% 182
\BOOKMARK [3][-]{subsubsection.6.7.3.2}{\376\377\0006\000.\0007\000.\0003\000.\0002\000\040\000a\000n\000c\000h\000o\000r\000s}{subsection.6.7.3}% 183
\BOOKMARK [3][-]{subsubsection.6.7.3.3}{\376\377\0006\000.\0007\000.\0003\000.\0003\000\040\000m\000a\000p}{subsection.6.7.3}% 184
\BOOKMARK [3][-]{subsubsection.6.7.3.4}{\376\377\0006\000.\0007\000.\0003\000.\0004\000\040\000n\000o\000d\000e\000P\000o\000s\000i\000t\000i\000o\000n\000s}{subsection.6.7.3}% 185
\BOOKMARK [3][-]{subsubsection.6.7.3.5}{\376\377\0006\000.\0007\000.\0003\000.\0005\000\040\000n\000o\000d\000e\000s}{subsection.6.7.3}% 186
\BOOKMARK [3][-]{subsubsection.6.7.3.6}{\376\377\0006\000.\0007\000.\0003\000.\0006\000\040\000t\000i\000m\000e}{subsection.6.7.3}% 187
\BOOKMARK [1][-]{section.6.8}{\376\377\0006\000.\0008\000\040\000s\000i\000m\000l\000i\000b\000.\000a\000r\000c\000h\000s\000p\000e\000c\000.\000M\000y\000S\000u\000b\000c\000l\000a\000s\000s\000\040\000C\000l\000a\000s\000s\000\040\000R\000e\000f\000e\000r\000e\000n\000c\000e}{chapter.6}% 188
\BOOKMARK [1][-]{section.6.9}{\376\377\0006\000.\0009\000\040\000s\000i\000m\000l\000i\000b\000.\000n\000o\000d\000e\000.\000N\000o\000d\000e\000\040\000C\000l\000a\000s\000s\000\040\000R\000e\000f\000e\000r\000e\000n\000c\000e}{chapter.6}% 189
\BOOKMARK [2][-]{subsection.6.9.1}{\376\377\0006\000.\0009\000.\0001\000\040\000C\000o\000n\000s\000t\000r\000u\000c\000t\000o\000r\000\040\000\046\000\040\000D\000e\000s\000t\000r\000u\000c\000t\000o\000r\000\040\000D\000o\000c\000u\000m\000e\000n\000t\000a\000t\000i\000o\000n}{section.6.9}% 190
\BOOKMARK [3][-]{subsubsection.6.9.1.1}{\376\377\0006\000.\0009\000.\0001\000.\0001\000\040\000\137\000\137\000i\000n\000i\000t\000\137\000\137\000\050\000\051}{subsection.6.9.1}% 191
\BOOKMARK [2][-]{subsection.6.9.2}{\376\377\0006\000.\0009\000.\0002\000\040\000M\000e\000m\000b\000e\000r\000\040\000F\000u\000n\000c\000t\000i\000o\000n\000\040\000D\000o\000c\000u\000m\000e\000n\000t\000a\000t\000i\000o\000n}{section.6.9}% 192
\BOOKMARK [3][-]{subsubsection.6.9.2.1}{\376\377\0006\000.\0009\000.\0002\000.\0001\000\040\000a\000d\000d\000A\000c\000t\000i\000o\000n\000\050\000\051}{subsection.6.9.2}% 193
\BOOKMARK [3][-]{subsubsection.6.9.2.2}{\376\377\0006\000.\0009\000.\0002\000.\0002\000\040\000g\000e\000t\000I\000D\000\050\000\051}{subsection.6.9.2}% 194
\BOOKMARK [3][-]{subsubsection.6.9.2.3}{\376\377\0006\000.\0009\000.\0002\000.\0003\000\040\000l\000i\000s\000t\000e\000n\000F\000o\000r\000S\000i\000g\000n\000a\000l\000\050\000\051}{subsection.6.9.2}% 195
\BOOKMARK [3][-]{subsubsection.6.9.2.4}{\376\377\0006\000.\0009\000.\0002\000.\0004\000\040\000p\000r\000e\000p\000e\000n\000d\000A\000c\000t\000i\000o\000n\000\050\000\051}{subsection.6.9.2}% 196
\BOOKMARK [3][-]{subsubsection.6.9.2.5}{\376\377\0006\000.\0009\000.\0002\000.\0005\000\040\000s\000e\000t\000T\000i\000m\000e\000\050\000\051}{subsection.6.9.2}% 197
\BOOKMARK [2][-]{subsection.6.9.3}{\376\377\0006\000.\0009\000.\0003\000\040\000M\000e\000m\000b\000e\000r\000\040\000D\000a\000t\000a\000\040\000D\000o\000c\000u\000m\000e\000n\000t\000a\000t\000i\000o\000n}{section.6.9}% 198
\BOOKMARK [3][-]{subsubsection.6.9.3.1}{\376\377\0006\000.\0009\000.\0003\000.\0001\000\040\000I\000D}{subsection.6.9.3}% 199
\BOOKMARK [3][-]{subsubsection.6.9.3.2}{\376\377\0006\000.\0009\000.\0003\000.\0002\000\040\000s\000i\000g\000n\000a\000l\000L\000i\000s\000t}{subsection.6.9.3}% 200
\BOOKMARK [3][-]{subsubsection.6.9.3.3}{\376\377\0006\000.\0009\000.\0003\000.\0003\000\040\000t\000i\000m\000e}{subsection.6.9.3}% 201
\BOOKMARK [3][-]{subsubsection.6.9.3.4}{\376\377\0006\000.\0009\000.\0003\000.\0004\000\040\000x\000P\000o\000s}{subsection.6.9.3}% 202
\BOOKMARK [3][-]{subsubsection.6.9.3.5}{\376\377\0006\000.\0009\000.\0003\000.\0005\000\040\000x\000V\000e\000l}{subsection.6.9.3}% 203
\BOOKMARK [3][-]{subsubsection.6.9.3.6}{\376\377\0006\000.\0009\000.\0003\000.\0006\000\040\000y\000P\000o\000s}{subsection.6.9.3}% 204
\BOOKMARK [3][-]{subsubsection.6.9.3.7}{\376\377\0006\000.\0009\000.\0003\000.\0007\000\040\000y\000V\000e\000l}{subsection.6.9.3}% 205
\BOOKMARK [3][-]{subsubsection.6.9.3.8}{\376\377\0006\000.\0009\000.\0003\000.\0008\000\040\000z\000P\000o\000s}{subsection.6.9.3}% 206
\BOOKMARK [3][-]{subsubsection.6.9.3.9}{\376\377\0006\000.\0009\000.\0003\000.\0009\000\040\000z\000V\000e\000l}{subsection.6.9.3}% 207
\BOOKMARK [1][-]{section.6.10}{\376\377\0006\000.\0001\0000\000\040\000s\000i\000m\000l\000i\000b\000.\000s\000i\000m\000u\000l\000a\000t\000e\000d\000.\000S\000i\000m\000u\000l\000a\000t\000e\000d\000\040\000C\000l\000a\000s\000s\000\040\000R\000e\000f\000e\000r\000e\000n\000c\000e}{chapter.6}% 208
\BOOKMARK [2][-]{subsection.6.10.1}{\376\377\0006\000.\0001\0000\000.\0001\000\040\000D\000e\000t\000a\000i\000l\000e\000d\000\040\000D\000e\000s\000c\000r\000i\000p\000t\000i\000o\000n}{section.6.10}% 209
\BOOKMARK [2][-]{subsection.6.10.2}{\376\377\0006\000.\0001\0000\000.\0002\000\040\000C\000o\000n\000s\000t\000r\000u\000c\000t\000o\000r\000\040\000\046\000\040\000D\000e\000s\000t\000r\000u\000c\000t\000o\000r\000\040\000D\000o\000c\000u\000m\000e\000n\000t\000a\000t\000i\000o\000n}{section.6.10}% 210
\BOOKMARK [3][-]{subsubsection.6.10.2.1}{\376\377\0006\000.\0001\0000\000.\0002\000.\0001\000\040\000\137\000\137\000i\000n\000i\000t\000\137\000\137\000\050\000\051}{subsection.6.10.2}% 211
\BOOKMARK [2][-]{subsection.6.10.3}{\376\377\0006\000.\0001\0000\000.\0003\000\040\000M\000e\000m\000b\000e\000r\000\040\000F\000u\000n\000c\000t\000i\000o\000n\000\040\000D\000o\000c\000u\000m\000e\000n\000t\000a\000t\000i\000o\000n}{section.6.10}% 212
\BOOKMARK [3][-]{subsubsection.6.10.3.1}{\376\377\0006\000.\0001\0000\000.\0003\000.\0001\000\040\000m\000a\000i\000n\000l\000o\000o\000p\000\050\000\051}{subsection.6.10.3}% 213
\BOOKMARK [3][-]{subsubsection.6.10.3.2}{\376\377\0006\000.\0001\0000\000.\0003\000.\0002\000\040\000r\000u\000n\000\137\000t\000i\000m\000e\000s\000t\000e\000p\000\050\000\051}{subsection.6.10.3}% 214
\BOOKMARK [2][-]{subsection.6.10.4}{\376\377\0006\000.\0001\0000\000.\0004\000\040\000M\000e\000m\000b\000e\000r\000\040\000D\000a\000t\000a\000\040\000D\000o\000c\000u\000m\000e\000n\000t\000a\000t\000i\000o\000n}{section.6.10}% 215
\BOOKMARK [3][-]{subsubsection.6.10.4.1}{\376\377\0006\000.\0001\0000\000.\0004\000.\0001\000\040\000a\000c\000t\000i\000o\000n\000Q\000u\000e\000u\000e}{subsection.6.10.4}% 216
\BOOKMARK [1][-]{section.6.11}{\376\377\0006\000.\0001\0001\000\040\000s\000i\000m\000l\000i\000b\000.\000s\000i\000m\000u\000l\000a\000t\000i\000o\000n\000e\000n\000v\000i\000r\000o\000n\000m\000e\000n\000t\000.\000S\000i\000m\000u\000l\000a\000t\000i\000o\000n\000E\000n\000v\000i\000r\000o\000n\000m\000e\000n\000t\000\040\000C\000l\000a\000s\000s\000\040\000R\000e\000f\000e\000r\000e\000n\000c\000e}{chapter.6}% 217
\BOOKMARK [2][-]{subsection.6.11.1}{\376\377\0006\000.\0001\0001\000.\0001\000\040\000C\000o\000n\000s\000t\000r\000u\000c\000t\000o\000r\000\040\000\046\000\040\000D\000e\000s\000t\000r\000u\000c\000t\000o\000r\000\040\000D\000o\000c\000u\000m\000e\000n\000t\000a\000t\000i\000o\000n}{section.6.11}% 218
\BOOKMARK [3][-]{subsubsection.6.11.1.1}{\376\377\0006\000.\0001\0001\000.\0001\000.\0001\000\040\000\137\000\137\000i\000n\000i\000t\000\137\000\137\000\050\000\051}{subsection.6.11.1}% 219
\BOOKMARK [2][-]{subsection.6.11.2}{\376\377\0006\000.\0001\0001\000.\0002\000\040\000M\000e\000m\000b\000e\000r\000\040\000F\000u\000n\000c\000t\000i\000o\000n\000\040\000D\000o\000c\000u\000m\000e\000n\000t\000a\000t\000i\000o\000n}{section.6.11}% 220
\BOOKMARK [3][-]{subsubsection.6.11.2.1}{\376\377\0006\000.\0001\0001\000.\0002\000.\0001\000\040\000a\000s\000s\000o\000c\000i\000a\000t\000e\000A\000n\000c\000h\000o\000r\000\050\000\051}{subsection.6.11.2}% 221
\BOOKMARK [3][-]{subsubsection.6.11.2.2}{\376\377\0006\000.\0001\0001\000.\0002\000.\0002\000\040\000a\000s\000s\000o\000c\000i\000a\000t\000e\000N\000o\000d\000e\000\050\000\051}{subsection.6.11.2}% 222
\BOOKMARK [3][-]{subsubsection.6.11.2.3}{\376\377\0006\000.\0001\0001\000.\0002\000.\0003\000\040\000c\000r\000e\000a\000t\000e\000A\000n\000c\000h\000o\000r\000\050\000\051}{subsection.6.11.2}% 223
\BOOKMARK [3][-]{subsubsection.6.11.2.4}{\376\377\0006\000.\0001\0001\000.\0002\000.\0004\000\040\000c\000r\000e\000a\000t\000e\000H\000u\000b\000\050\000\051}{subsection.6.11.2}% 224
\BOOKMARK [3][-]{subsubsection.6.11.2.5}{\376\377\0006\000.\0001\0001\000.\0002\000.\0005\000\040\000c\000r\000e\000a\000t\000e\000N\000o\000d\000e\000\050\000\051}{subsection.6.11.2}% 225
\BOOKMARK [3][-]{subsubsection.6.11.2.6}{\376\377\0006\000.\0001\0001\000.\0002\000.\0006\000\040\000d\000e\000l\000e\000t\000e\000A\000n\000c\000h\000o\000r\000\050\000\051}{subsection.6.11.2}% 226
\BOOKMARK [3][-]{subsubsection.6.11.2.7}{\376\377\0006\000.\0001\0001\000.\0002\000.\0007\000\040\000d\000e\000l\000e\000t\000e\000N\000o\000d\000e\000\050\000\051}{subsection.6.11.2}% 227
\BOOKMARK [3][-]{subsubsection.6.11.2.8}{\376\377\0006\000.\0001\0001\000.\0002\000.\0008\000\040\000d\000i\000s\000s\000a\000s\000s\000o\000c\000i\000a\000t\000e\000A\000n\000c\000h\000o\000r\000\050\000\051}{subsection.6.11.2}% 228
\BOOKMARK [3][-]{subsubsection.6.11.2.9}{\376\377\0006\000.\0001\0001\000.\0002\000.\0009\000\040\000d\000i\000s\000s\000a\000s\000s\000o\000c\000i\000a\000t\000e\000N\000o\000d\000e\000\050\000\051}{subsection.6.11.2}% 229
\BOOKMARK [3][-]{subsubsection.6.11.2.10}{\376\377\0006\000.\0001\0001\000.\0002\000.\0001\0000\000\040\000g\000e\000t\000A\000n\000c\000h\000o\000r\000B\000y\000I\000D\000\050\000\051}{subsection.6.11.2}% 230
\BOOKMARK [3][-]{subsubsection.6.11.2.11}{\376\377\0006\000.\0001\0001\000.\0002\000.\0001\0001\000\040\000g\000e\000t\000N\000o\000d\000e\000B\000y\000I\000D\000\050\000\051}{subsection.6.11.2}% 231
\BOOKMARK [3][-]{subsubsection.6.11.2.12}{\376\377\0006\000.\0001\0001\000.\0002\000.\0001\0002\000\040\000m\000a\000i\000n\000l\000o\000o\000p\000\050\000\051}{subsection.6.11.2}% 232
\BOOKMARK [2][-]{subsection.6.11.3}{\376\377\0006\000.\0001\0001\000.\0003\000\040\000M\000e\000m\000b\000e\000r\000\040\000D\000a\000t\000a\000\040\000D\000o\000c\000u\000m\000e\000n\000t\000a\000t\000i\000o\000n}{section.6.11}% 233
\BOOKMARK [3][-]{subsubsection.6.11.3.1}{\376\377\0006\000.\0001\0001\000.\0003\000.\0001\000\040\000a\000n\000c\000h\000o\000r\000s}{subsection.6.11.3}% 234
\BOOKMARK [3][-]{subsubsection.6.11.3.2}{\376\377\0006\000.\0001\0001\000.\0003\000.\0002\000\040\000h\000u\000b\000s}{subsection.6.11.3}% 235
\BOOKMARK [3][-]{subsubsection.6.11.3.3}{\376\377\0006\000.\0001\0001\000.\0003\000.\0003\000\040\000n\000e\000x\000t\000I\000D}{subsection.6.11.3}% 236
\BOOKMARK [3][-]{subsubsection.6.11.3.4}{\376\377\0006\000.\0001\0001\000.\0003\000.\0004\000\040\000n\000o\000d\000e\000s}{subsection.6.11.3}% 237
\BOOKMARK [3][-]{subsubsection.6.11.3.5}{\376\377\0006\000.\0001\0001\000.\0003\000.\0005\000\040\000s\000i\000g\000n\000a\000l\000L\000i\000s\000t}{subsection.6.11.3}% 238
\BOOKMARK [3][-]{subsubsection.6.11.3.6}{\376\377\0006\000.\0001\0001\000.\0003\000.\0006\000\040\000t\000i\000m\000e}{subsection.6.11.3}% 239
\BOOKMARK [1][-]{section.6.12}{\376\377\0006\000.\0001\0002\000\040\000s\000i\000m\000l\000i\000b\000.\000F\000S\000M\000.\000S\000t\000a\000t\000e\000\040\000C\000l\000a\000s\000s\000\040\000R\000e\000f\000e\000r\000e\000n\000c\000e}{chapter.6}% 240
\BOOKMARK [2][-]{subsection.6.12.1}{\376\377\0006\000.\0001\0002\000.\0001\000\040\000D\000e\000t\000a\000i\000l\000e\000d\000\040\000D\000e\000s\000c\000r\000i\000p\000t\000i\000o\000n}{section.6.12}% 241
\BOOKMARK [2][-]{subsection.6.12.2}{\376\377\0006\000.\0001\0002\000.\0002\000\040\000C\000o\000n\000s\000t\000r\000u\000c\000t\000o\000r\000\040\000\046\000\040\000D\000e\000s\000t\000r\000u\000c\000t\000o\000r\000\040\000D\000o\000c\000u\000m\000e\000n\000t\000a\000t\000i\000o\000n}{section.6.12}% 242
\BOOKMARK [3][-]{subsubsection.6.12.2.1}{\376\377\0006\000.\0001\0002\000.\0002\000.\0001\000\040\000\137\000\137\000i\000n\000i\000t\000\137\000\137\000\050\000\051}{subsection.6.12.2}% 243
\BOOKMARK [2][-]{subsection.6.12.3}{\376\377\0006\000.\0001\0002\000.\0003\000\040\000M\000e\000m\000b\000e\000r\000\040\000F\000u\000n\000c\000t\000i\000o\000n\000\040\000D\000o\000c\000u\000m\000e\000n\000t\000a\000t\000i\000o\000n}{section.6.12}% 244
\BOOKMARK [3][-]{subsubsection.6.12.3.1}{\376\377\0006\000.\0001\0002\000.\0003\000.\0001\000\040\000g\000e\000t\000P\000a\000r\000a\000m\000\050\000\051}{subsection.6.12.3}% 245
\BOOKMARK [2][-]{subsection.6.12.4}{\376\377\0006\000.\0001\0002\000.\0004\000\040\000M\000e\000m\000b\000e\000r\000\040\000D\000a\000t\000a\000\040\000D\000o\000c\000u\000m\000e\000n\000t\000a\000t\000i\000o\000n}{section.6.12}% 246
\BOOKMARK [3][-]{subsubsection.6.12.4.1}{\376\377\0006\000.\0001\0002\000.\0004\000.\0001\000\040\000p\000h\000y\000s\000i\000c\000a\000l\000\137\000d\000a\000t\000a}{subsection.6.12.4}% 247
\BOOKMARK [0][-]{chapter.7}{\376\377\0007\000\040\000F\000i\000l\000e\000\040\000D\000o\000c\000u\000m\000e\000n\000t\000a\000t\000i\000o\000n}{}% 248
\BOOKMARK [1][-]{section.7.1}{\376\377\0007\000.\0001\000\040\000\137\000\137\000i\000n\000i\000t\000\137\000\137\000.\000p\000y\000\040\000F\000i\000l\000e\000\040\000R\000e\000f\000e\000r\000e\000n\000c\000e}{chapter.7}% 249
\BOOKMARK [1][-]{section.7.2}{\376\377\0007\000.\0002\000\040\000a\000c\000t\000i\000o\000n\000.\000p\000y\000\040\000F\000i\000l\000e\000\040\000R\000e\000f\000e\000r\000e\000n\000c\000e}{chapter.7}% 250
\BOOKMARK [1][-]{section.7.3}{\376\377\0007\000.\0003\000\040\000a\000n\000c\000h\000o\000r\000.\000p\000y\000\040\000F\000i\000l\000e\000\040\000R\000e\000f\000e\000r\000e\000n\000c\000e}{chapter.7}% 251
\BOOKMARK [1][-]{section.7.4}{\376\377\0007\000.\0004\000\040\000a\000r\000c\000h\000s\000p\000e\000c\000.\000p\000y\000\040\000F\000i\000l\000e\000\040\000R\000e\000f\000e\000r\000e\000n\000c\000e}{chapter.7}% 252
\BOOKMARK [1][-]{section.7.5}{\376\377\0007\000.\0005\000\040\000F\000S\000M\000.\000p\000y\000\040\000F\000i\000l\000e\000\040\000R\000e\000f\000e\000r\000e\000n\000c\000e}{chapter.7}% 253
\BOOKMARK [1][-]{section.7.6}{\376\377\0007\000.\0006\000\040\000h\000u\000b\000.\000p\000y\000\040\000F\000i\000l\000e\000\040\000R\000e\000f\000e\000r\000e\000n\000c\000e}{chapter.7}% 254
\BOOKMARK [1][-]{section.7.7}{\376\377\0007\000.\0007\000\040\000n\000o\000d\000e\000.\000p\000y\000\040\000F\000i\000l\000e\000\040\000R\000e\000f\000e\000r\000e\000n\000c\000e}{chapter.7}% 255
\BOOKMARK [1][-]{section.7.8}{\376\377\0007\000.\0008\000\040\000s\000i\000m\000u\000l\000a\000t\000e\000d\000.\000p\000y\000\040\000F\000i\000l\000e\000\040\000R\000e\000f\000e\000r\000e\000n\000c\000e}{chapter.7}% 256
\BOOKMARK [1][-]{section.7.9}{\376\377\0007\000.\0009\000\040\000s\000i\000m\000u\000l\000a\000t\000i\000o\000n\000e\000n\000v\000i\000r\000o\000n\000m\000e\000n\000t\000.\000p\000y\000\040\000F\000i\000l\000e\000\040\000R\000e\000f\000e\000r\000e\000n\000c\000e}{chapter.7}% 257
\BOOKMARK [0][-]{section*.75}{\376\377\000I\000n\000d\000e\000x}{}% 258
